-------------------------------------------------------------------------------
Test set: edu.zut.cs.software.OSALS.order_goods.dao.Order_goodsDaoTest
-------------------------------------------------------------------------------
<<<<<<< HEAD
Tests run: 1, Failures: 0, Errors: 0, Skipped: 0, Time elapsed: 0.037 s - in edu.zut.cs.software.OSALS.order_goods.dao.Order_goodsDaoTest
=======
<<<<<<< HEAD
Tests run: 1, Failures: 0, Errors: 0, Skipped: 0, Time elapsed: 0.107 s - in edu.zut.cs.software.OSALS.order_goods.dao.Order_goodsDaoTest
=======
Tests run: 1, Failures: 0, Errors: 0, Skipped: 0, Time elapsed: 0.105 s - in edu.zut.cs.software.OSALS.order_goods.dao.Order_goodsDaoTest
>>>>>>> 983cde5d2cab54e3ed2e7e7bfedfde1ec36f9ce3
>>>>>>> 0171a51c7ba8887dff097ec32bea3dfe188090b1
