-------------------------------------------------------------------------------
Test set: edu.zut.cs.software.OSALS.order.dao.OrderDaoTest
-------------------------------------------------------------------------------
<<<<<<< HEAD
Tests run: 1, Failures: 0, Errors: 0, Skipped: 0, Time elapsed: 0.536 s - in edu.zut.cs.software.OSALS.order.dao.OrderDaoTest
=======
<<<<<<< HEAD
Tests run: 1, Failures: 0, Errors: 0, Skipped: 0, Time elapsed: 1.689 s - in edu.zut.cs.software.OSALS.order.dao.OrderDaoTest
=======
Tests run: 1, Failures: 0, Errors: 0, Skipped: 0, Time elapsed: 0.865 s - in edu.zut.cs.software.OSALS.order.dao.OrderDaoTest
>>>>>>> 983cde5d2cab54e3ed2e7e7bfedfde1ec36f9ce3
>>>>>>> 0171a51c7ba8887dff097ec32bea3dfe188090b1
