-------------------------------------------------------------------------------
Test set: edu.zut.cs.software.OSALS.student.dao.StudentDaoTest
-------------------------------------------------------------------------------
<<<<<<< HEAD
Tests run: 1, Failures: 0, Errors: 0, Skipped: 0, Time elapsed: 7.577 s - in edu.zut.cs.software.OSALS.student.dao.StudentDaoTest
=======
<<<<<<< HEAD
Tests run: 1, Failures: 0, Errors: 0, Skipped: 0, Time elapsed: 0.55 s - in edu.zut.cs.software.OSALS.student.dao.StudentDaoTest
=======
Tests run: 1, Failures: 0, Errors: 0, Skipped: 0, Time elapsed: 5.113 s - in edu.zut.cs.software.OSALS.student.dao.StudentDaoTest
>>>>>>> 983cde5d2cab54e3ed2e7e7bfedfde1ec36f9ce3
>>>>>>> 0171a51c7ba8887dff097ec32bea3dfe188090b1
