-------------------------------------------------------------------------------
Test set: edu.zut.cs.software.OSALS.car.dao.CarDaoTest
-------------------------------------------------------------------------------
<<<<<<< HEAD
Tests run: 1, Failures: 0, Errors: 0, Skipped: 0, Time elapsed: 0.032 s - in edu.zut.cs.software.OSALS.car.dao.CarDaoTest
=======
<<<<<<< HEAD
Tests run: 1, Failures: 0, Errors: 0, Skipped: 0, Time elapsed: 0.087 s - in edu.zut.cs.software.OSALS.car.dao.CarDaoTest
=======
Tests run: 1, Failures: 0, Errors: 0, Skipped: 0, Time elapsed: 0.027 s - in edu.zut.cs.software.OSALS.car.dao.CarDaoTest
>>>>>>> 983cde5d2cab54e3ed2e7e7bfedfde1ec36f9ce3
>>>>>>> 0171a51c7ba8887dff097ec32bea3dfe188090b1
